\BOOKMARK [0][-]{chapter.1}{Package com.retroMachines.game.Map}{}% 1
\BOOKMARK [1][-]{section.1.1}{Class LambdaToMap}{chapter.1}% 2
\BOOKMARK [2][-]{subsection.1.1.1}{Declaration}{section.1.1}% 3
\BOOKMARK [2][-]{subsection.1.1.2}{Constructor summary}{section.1.1}% 4
\BOOKMARK [2][-]{subsection.1.1.3}{Method summary}{section.1.1}% 5
\BOOKMARK [2][-]{subsection.1.1.4}{Constructors}{section.1.1}% 6
\BOOKMARK [2][-]{subsection.1.1.5}{Methods}{section.1.1}% 7
\BOOKMARK [1][-]{section.1.2}{Class Map}{chapter.1}% 8
\BOOKMARK [2][-]{subsection.1.2.1}{Declaration}{section.1.2}% 9
\BOOKMARK [2][-]{subsection.1.2.2}{Constructor summary}{section.1.2}% 10
\BOOKMARK [2][-]{subsection.1.2.3}{Constructors}{section.1.2}% 11
\BOOKMARK [0][-]{chapter.2}{Package com.retroMachines.data}{}% 12
\BOOKMARK [1][-]{section.2.1}{Class AssetManager}{chapter.2}% 13
\BOOKMARK [2][-]{subsection.2.1.1}{Declaration}{section.2.1}% 14
\BOOKMARK [2][-]{subsection.2.1.2}{Field summary}{section.2.1}% 15
\BOOKMARK [2][-]{subsection.2.1.3}{Constructor summary}{section.2.1}% 16
\BOOKMARK [2][-]{subsection.2.1.4}{Method summary}{section.2.1}% 17
\BOOKMARK [2][-]{subsection.2.1.5}{Fields}{section.2.1}% 18
\BOOKMARK [2][-]{subsection.2.1.6}{Constructors}{section.2.1}% 19
\BOOKMARK [2][-]{subsection.2.1.7}{Methods}{section.2.1}% 20
\BOOKMARK [2][-]{subsection.2.1.8}{Members inherited from class AssetManager }{section.2.1}% 21
\BOOKMARK [0][-]{chapter.3}{Package com.retroMachines.game}{}% 22
\BOOKMARK [1][-]{section.3.1}{Class Controller}{chapter.3}% 23
\BOOKMARK [2][-]{subsection.3.1.1}{Declaration}{section.3.1}% 24
\BOOKMARK [2][-]{subsection.3.1.2}{Constructor summary}{section.3.1}% 25
\BOOKMARK [2][-]{subsection.3.1.3}{Constructors}{section.3.1}% 26
\BOOKMARK [0][-]{chapter.4}{Package com.retroMachines.data.models}{}% 27
\BOOKMARK [1][-]{section.4.1}{Class Profile}{chapter.4}% 28
\BOOKMARK [2][-]{subsection.4.1.1}{Declaration}{section.4.1}% 29
\BOOKMARK [2][-]{subsection.4.1.2}{Constructor summary}{section.4.1}% 30
\BOOKMARK [2][-]{subsection.4.1.3}{Method summary}{section.4.1}% 31
\BOOKMARK [2][-]{subsection.4.1.4}{Constructors}{section.4.1}% 32
\BOOKMARK [2][-]{subsection.4.1.5}{Methods}{section.4.1}% 33
\BOOKMARK [1][-]{section.4.2}{Class Setting}{chapter.4}% 34
\BOOKMARK [2][-]{subsection.4.2.1}{Declaration}{section.4.2}% 35
\BOOKMARK [2][-]{subsection.4.2.2}{Constructor summary}{section.4.2}% 36
\BOOKMARK [2][-]{subsection.4.2.3}{Method summary}{section.4.2}% 37
\BOOKMARK [2][-]{subsection.4.2.4}{Constructors}{section.4.2}% 38
\BOOKMARK [2][-]{subsection.4.2.5}{Methods}{section.4.2}% 39
\BOOKMARK [1][-]{section.4.3}{Class Statistic}{chapter.4}% 40
\BOOKMARK [2][-]{subsection.4.3.1}{Declaration}{section.4.3}% 41
\BOOKMARK [2][-]{subsection.4.3.2}{Constructor summary}{section.4.3}% 42
\BOOKMARK [2][-]{subsection.4.3.3}{Method summary}{section.4.3}% 43
\BOOKMARK [2][-]{subsection.4.3.4}{Constructors}{section.4.3}% 44
\BOOKMARK [2][-]{subsection.4.3.5}{Methods}{section.4.3}% 45
\BOOKMARK [0][-]{chapter.5}{Package com.retroMachines.ui.screens}{}% 46
\BOOKMARK [1][-]{section.5.1}{Class AbstractScreen}{chapter.5}% 47
\BOOKMARK [2][-]{subsection.5.1.1}{Declaration}{section.5.1}% 48
\BOOKMARK [2][-]{subsection.5.1.2}{All known subclasses}{section.5.1}% 49
\BOOKMARK [2][-]{subsection.5.1.3}{Constructor summary}{section.5.1}% 50
\BOOKMARK [2][-]{subsection.5.1.4}{Method summary}{section.5.1}% 51
\BOOKMARK [2][-]{subsection.5.1.5}{Constructors}{section.5.1}% 52
\BOOKMARK [2][-]{subsection.5.1.6}{Methods}{section.5.1}% 53
\BOOKMARK [1][-]{section.5.2}{Class AndroidCamera}{chapter.5}% 54
\BOOKMARK [2][-]{subsection.5.2.1}{Declaration}{section.5.2}% 55
\BOOKMARK [2][-]{subsection.5.2.2}{Constructor summary}{section.5.2}% 56
\BOOKMARK [2][-]{subsection.5.2.3}{Constructors}{section.5.2}% 57
\BOOKMARK [2][-]{subsection.5.2.4}{Members inherited from class OrthographicCamera }{section.5.2}% 58
\BOOKMARK [2][-]{subsection.5.2.5}{Members inherited from class Camera }{section.5.2}% 59
\BOOKMARK [0][-]{chapter.6}{Package com.retroMachines}{}% 60
\BOOKMARK [1][-]{section.6.1}{Class RetroMachines}{chapter.6}% 61
\BOOKMARK [2][-]{subsection.6.1.1}{Declaration}{section.6.1}% 62
\BOOKMARK [2][-]{subsection.6.1.2}{Field summary}{section.6.1}% 63
\BOOKMARK [2][-]{subsection.6.1.3}{Constructor summary}{section.6.1}% 64
\BOOKMARK [2][-]{subsection.6.1.4}{Method summary}{section.6.1}% 65
\BOOKMARK [2][-]{subsection.6.1.5}{Fields}{section.6.1}% 66
\BOOKMARK [2][-]{subsection.6.1.6}{Constructors}{section.6.1}% 67
\BOOKMARK [2][-]{subsection.6.1.7}{Methods}{section.6.1}% 68
\BOOKMARK [2][-]{subsection.6.1.8}{Members inherited from class Game }{section.6.1}% 69
\BOOKMARK [0][-]{chapter.7}{Package com.retroMachines.ui.screens.game}{}% 70
\BOOKMARK [1][-]{section.7.1}{Class EvaluationScreen}{chapter.7}% 71
\BOOKMARK [2][-]{subsection.7.1.1}{Declaration}{section.7.1}% 72
\BOOKMARK [2][-]{subsection.7.1.2}{Constructor summary}{section.7.1}% 73
\BOOKMARK [2][-]{subsection.7.1.3}{Constructors}{section.7.1}% 74
\BOOKMARK [2][-]{subsection.7.1.4}{Members inherited from class AbstractScreen }{section.7.1}% 75
\BOOKMARK [1][-]{section.7.2}{Class GameScreen}{chapter.7}% 76
\BOOKMARK [2][-]{subsection.7.2.1}{Declaration}{section.7.2}% 77
\BOOKMARK [2][-]{subsection.7.2.2}{Constructor summary}{section.7.2}% 78
\BOOKMARK [2][-]{subsection.7.2.3}{Method summary}{section.7.2}% 79
\BOOKMARK [2][-]{subsection.7.2.4}{Constructors}{section.7.2}% 80
\BOOKMARK [2][-]{subsection.7.2.5}{Methods}{section.7.2}% 81
\BOOKMARK [2][-]{subsection.7.2.6}{Members inherited from class AbstractScreen }{section.7.2}% 82
\BOOKMARK [0][-]{chapter.8}{Package com.retroMachines.ui.screens.menus}{}% 83
\BOOKMARK [1][-]{section.8.1}{Class AboutMenuScreen}{chapter.8}% 84
\BOOKMARK [2][-]{subsection.8.1.1}{Declaration}{section.8.1}% 85
\BOOKMARK [2][-]{subsection.8.1.2}{Constructor summary}{section.8.1}% 86
\BOOKMARK [2][-]{subsection.8.1.3}{Method summary}{section.8.1}% 87
\BOOKMARK [2][-]{subsection.8.1.4}{Constructors}{section.8.1}% 88
\BOOKMARK [2][-]{subsection.8.1.5}{Methods}{section.8.1}% 89
\BOOKMARK [2][-]{subsection.8.1.6}{Members inherited from class AbstractScreen }{section.8.1}% 90
\BOOKMARK [1][-]{section.8.2}{Class AchievmentsMenuScreen}{chapter.8}% 91
\BOOKMARK [2][-]{subsection.8.2.1}{Declaration}{section.8.2}% 92
\BOOKMARK [2][-]{subsection.8.2.2}{Constructor summary}{section.8.2}% 93
\BOOKMARK [2][-]{subsection.8.2.3}{Constructors}{section.8.2}% 94
\BOOKMARK [2][-]{subsection.8.2.4}{Members inherited from class AbstractScreen }{section.8.2}% 95
\BOOKMARK [1][-]{section.8.3}{Class CreateFirstProfileMenuScreen}{chapter.8}% 96
\BOOKMARK [2][-]{subsection.8.3.1}{Declaration}{section.8.3}% 97
\BOOKMARK [2][-]{subsection.8.3.2}{Constructor summary}{section.8.3}% 98
\BOOKMARK [2][-]{subsection.8.3.3}{Constructors}{section.8.3}% 99
\BOOKMARK [2][-]{subsection.8.3.4}{Members inherited from class AbstractScreen }{section.8.3}% 100
\BOOKMARK [1][-]{section.8.4}{Class CreateProfileMenuScreen}{chapter.8}% 101
\BOOKMARK [2][-]{subsection.8.4.1}{Declaration}{section.8.4}% 102
\BOOKMARK [2][-]{subsection.8.4.2}{Constructor summary}{section.8.4}% 103
\BOOKMARK [2][-]{subsection.8.4.3}{Constructors}{section.8.4}% 104
\BOOKMARK [2][-]{subsection.8.4.4}{Members inherited from class AbstractScreen }{section.8.4}% 105
\BOOKMARK [1][-]{section.8.5}{Class LevelMenuScreen}{chapter.8}% 106
\BOOKMARK [2][-]{subsection.8.5.1}{Declaration}{section.8.5}% 107
\BOOKMARK [2][-]{subsection.8.5.2}{Constructor summary}{section.8.5}% 108
\BOOKMARK [2][-]{subsection.8.5.3}{Constructors}{section.8.5}% 109
\BOOKMARK [2][-]{subsection.8.5.4}{Members inherited from class AbstractScreen }{section.8.5}% 110
\BOOKMARK [1][-]{section.8.6}{Class LoadMenuScreen}{chapter.8}% 111
\BOOKMARK [2][-]{subsection.8.6.1}{Declaration}{section.8.6}% 112
\BOOKMARK [2][-]{subsection.8.6.2}{Constructor summary}{section.8.6}% 113
\BOOKMARK [2][-]{subsection.8.6.3}{Method summary}{section.8.6}% 114
\BOOKMARK [2][-]{subsection.8.6.4}{Constructors}{section.8.6}% 115
\BOOKMARK [2][-]{subsection.8.6.5}{Methods}{section.8.6}% 116
\BOOKMARK [2][-]{subsection.8.6.6}{Members inherited from class AbstractScreen }{section.8.6}% 117
\BOOKMARK [1][-]{section.8.7}{Class MainMenuScreen}{chapter.8}% 118
\BOOKMARK [2][-]{subsection.8.7.1}{Declaration}{section.8.7}% 119
\BOOKMARK [2][-]{subsection.8.7.2}{Constructor summary}{section.8.7}% 120
\BOOKMARK [2][-]{subsection.8.7.3}{Method summary}{section.8.7}% 121
\BOOKMARK [2][-]{subsection.8.7.4}{Constructors}{section.8.7}% 122
\BOOKMARK [2][-]{subsection.8.7.5}{Methods}{section.8.7}% 123
\BOOKMARK [2][-]{subsection.8.7.6}{Members inherited from class AbstractScreen }{section.8.7}% 124
\BOOKMARK [1][-]{section.8.8}{Class MenuScreen}{chapter.8}% 125
\BOOKMARK [2][-]{subsection.8.8.1}{Declaration}{section.8.8}% 126
\BOOKMARK [2][-]{subsection.8.8.2}{All known subclasses}{section.8.8}% 127
\BOOKMARK [2][-]{subsection.8.8.3}{Constructor summary}{section.8.8}% 128
\BOOKMARK [2][-]{subsection.8.8.4}{Constructors}{section.8.8}% 129
\BOOKMARK [2][-]{subsection.8.8.5}{Members inherited from class AbstractScreen }{section.8.8}% 130
\BOOKMARK [1][-]{section.8.9}{Class ProfileManagementMenuScreen}{chapter.8}% 131
\BOOKMARK [2][-]{subsection.8.9.1}{Declaration}{section.8.9}% 132
\BOOKMARK [2][-]{subsection.8.9.2}{Constructor summary}{section.8.9}% 133
\BOOKMARK [2][-]{subsection.8.9.3}{Constructors}{section.8.9}% 134
\BOOKMARK [2][-]{subsection.8.9.4}{Members inherited from class AbstractScreen }{section.8.9}% 135
\BOOKMARK [1][-]{section.8.10}{Class ProfileMenuScreen}{chapter.8}% 136
\BOOKMARK [2][-]{subsection.8.10.1}{Declaration}{section.8.10}% 137
\BOOKMARK [2][-]{subsection.8.10.2}{Constructor summary}{section.8.10}% 138
\BOOKMARK [2][-]{subsection.8.10.3}{Constructors}{section.8.10}% 139
\BOOKMARK [2][-]{subsection.8.10.4}{Members inherited from class AbstractScreen }{section.8.10}% 140
\BOOKMARK [1][-]{section.8.11}{Class ProfileSettingsMenuScreen}{chapter.8}% 141
\BOOKMARK [2][-]{subsection.8.11.1}{Declaration}{section.8.11}% 142
\BOOKMARK [2][-]{subsection.8.11.2}{Constructor summary}{section.8.11}% 143
\BOOKMARK [2][-]{subsection.8.11.3}{Constructors}{section.8.11}% 144
\BOOKMARK [2][-]{subsection.8.11.4}{Members inherited from class AbstractScreen }{section.8.11}% 145
\BOOKMARK [1][-]{section.8.12}{Class SettingsMenuScreen}{chapter.8}% 146
\BOOKMARK [2][-]{subsection.8.12.1}{Declaration}{section.8.12}% 147
\BOOKMARK [2][-]{subsection.8.12.2}{Constructor summary}{section.8.12}% 148
\BOOKMARK [2][-]{subsection.8.12.3}{Constructors}{section.8.12}% 149
\BOOKMARK [2][-]{subsection.8.12.4}{Members inherited from class AbstractScreen }{section.8.12}% 150
\BOOKMARK [1][-]{section.8.13}{Class StageMenuScreen}{chapter.8}% 151
\BOOKMARK [2][-]{subsection.8.13.1}{Declaration}{section.8.13}% 152
\BOOKMARK [2][-]{subsection.8.13.2}{Constructor summary}{section.8.13}% 153
\BOOKMARK [2][-]{subsection.8.13.3}{Constructors}{section.8.13}% 154
\BOOKMARK [2][-]{subsection.8.13.4}{Members inherited from class AbstractScreen }{section.8.13}% 155
\BOOKMARK [0][-]{chapter.9}{Package com.retroMachines.lambda}{}% 156
\BOOKMARK [1][-]{section.9.1}{Class Abstraction}{chapter.9}% 157
\BOOKMARK [2][-]{subsection.9.1.1}{Declaration}{section.9.1}% 158
\BOOKMARK [2][-]{subsection.9.1.2}{Constructor summary}{section.9.1}% 159
\BOOKMARK [2][-]{subsection.9.1.3}{Method summary}{section.9.1}% 160
\BOOKMARK [2][-]{subsection.9.1.4}{Constructors}{section.9.1}% 161
\BOOKMARK [2][-]{subsection.9.1.5}{Methods}{section.9.1}% 162
\BOOKMARK [2][-]{subsection.9.1.6}{Members inherited from class Vertex }{section.9.1}% 163
\BOOKMARK [1][-]{section.9.2}{Class Application}{chapter.9}% 164
\BOOKMARK [2][-]{subsection.9.2.1}{Declaration}{section.9.2}% 165
\BOOKMARK [2][-]{subsection.9.2.2}{Constructor summary}{section.9.2}% 166
\BOOKMARK [2][-]{subsection.9.2.3}{Method summary}{section.9.2}% 167
\BOOKMARK [2][-]{subsection.9.2.4}{Constructors}{section.9.2}% 168
\BOOKMARK [2][-]{subsection.9.2.5}{Methods}{section.9.2}% 169
\BOOKMARK [2][-]{subsection.9.2.6}{Members inherited from class Vertex }{section.9.2}% 170
\BOOKMARK [1][-]{section.9.3}{Class Tree}{chapter.9}% 171
\BOOKMARK [2][-]{subsection.9.3.1}{Declaration}{section.9.3}% 172
\BOOKMARK [2][-]{subsection.9.3.2}{Constructor summary}{section.9.3}% 173
\BOOKMARK [2][-]{subsection.9.3.3}{Method summary}{section.9.3}% 174
\BOOKMARK [2][-]{subsection.9.3.4}{Constructors}{section.9.3}% 175
\BOOKMARK [2][-]{subsection.9.3.5}{Methods}{section.9.3}% 176
\BOOKMARK [1][-]{section.9.4}{Class Variable}{chapter.9}% 177
\BOOKMARK [2][-]{subsection.9.4.1}{Declaration}{section.9.4}% 178
\BOOKMARK [2][-]{subsection.9.4.2}{Constructor summary}{section.9.4}% 179
\BOOKMARK [2][-]{subsection.9.4.3}{Method summary}{section.9.4}% 180
\BOOKMARK [2][-]{subsection.9.4.4}{Constructors}{section.9.4}% 181
\BOOKMARK [2][-]{subsection.9.4.5}{Methods}{section.9.4}% 182
\BOOKMARK [2][-]{subsection.9.4.6}{Members inherited from class Vertex }{section.9.4}% 183
\BOOKMARK [1][-]{section.9.5}{Class Vertex}{chapter.9}% 184
\BOOKMARK [2][-]{subsection.9.5.1}{Declaration}{section.9.5}% 185
\BOOKMARK [2][-]{subsection.9.5.2}{All known subclasses}{section.9.5}% 186
\BOOKMARK [2][-]{subsection.9.5.3}{Constructor summary}{section.9.5}% 187
\BOOKMARK [2][-]{subsection.9.5.4}{Method summary}{section.9.5}% 188
\BOOKMARK [2][-]{subsection.9.5.5}{Constructors}{section.9.5}% 189
\BOOKMARK [2][-]{subsection.9.5.6}{Methods}{section.9.5}% 190
\BOOKMARK [0][-]{chapter.10}{Package com.retroMachines.lambda.test}{}% 191
\BOOKMARK [1][-]{section.10.1}{Class AbstractTerm}{chapter.10}% 192
\BOOKMARK [2][-]{subsection.10.1.1}{Declaration}{section.10.1}% 193
\BOOKMARK [2][-]{subsection.10.1.2}{All known subclasses}{section.10.1}% 194
\BOOKMARK [2][-]{subsection.10.1.3}{Constructor summary}{section.10.1}% 195
\BOOKMARK [2][-]{subsection.10.1.4}{Method summary}{section.10.1}% 196
\BOOKMARK [2][-]{subsection.10.1.5}{Constructors}{section.10.1}% 197
\BOOKMARK [2][-]{subsection.10.1.6}{Methods}{section.10.1}% 198
\BOOKMARK [1][-]{section.10.2}{Class Main}{chapter.10}% 199
\BOOKMARK [2][-]{subsection.10.2.1}{Declaration}{section.10.2}% 200
\BOOKMARK [2][-]{subsection.10.2.2}{Constructor summary}{section.10.2}% 201
\BOOKMARK [2][-]{subsection.10.2.3}{Method summary}{section.10.2}% 202
\BOOKMARK [2][-]{subsection.10.2.4}{Constructors}{section.10.2}% 203
\BOOKMARK [2][-]{subsection.10.2.5}{Methods}{section.10.2}% 204
\BOOKMARK [1][-]{section.10.3}{Class Term1}{chapter.10}% 205
\BOOKMARK [2][-]{subsection.10.3.1}{Declaration}{section.10.3}% 206
\BOOKMARK [2][-]{subsection.10.3.2}{Constructor summary}{section.10.3}% 207
\BOOKMARK [2][-]{subsection.10.3.3}{Constructors}{section.10.3}% 208
\BOOKMARK [2][-]{subsection.10.3.4}{Members inherited from class AbstractTerm }{section.10.3}% 209
\BOOKMARK [1][-]{section.10.4}{Class Term2}{chapter.10}% 210
\BOOKMARK [2][-]{subsection.10.4.1}{Declaration}{section.10.4}% 211
\BOOKMARK [2][-]{subsection.10.4.2}{Constructor summary}{section.10.4}% 212
\BOOKMARK [2][-]{subsection.10.4.3}{Constructors}{section.10.4}% 213
\BOOKMARK [2][-]{subsection.10.4.4}{Members inherited from class AbstractTerm }{section.10.4}% 214
\BOOKMARK [0][-]{chapter.11}{Package com.retroMachines.util}{}% 215
\BOOKMARK [1][-]{section.11.1}{Class Constants}{chapter.11}% 216
\BOOKMARK [2][-]{subsection.11.1.1}{Declaration}{section.11.1}% 217
\BOOKMARK [2][-]{subsection.11.1.2}{Constructor summary}{section.11.1}% 218
\BOOKMARK [2][-]{subsection.11.1.3}{Constructors}{section.11.1}% 219
\BOOKMARK [0][-]{chapter.12}{Package com.retroMachines.game.controllers}{}% 220
\BOOKMARK [1][-]{section.12.1}{Class GameController}{chapter.12}% 221
\BOOKMARK [2][-]{subsection.12.1.1}{Declaration}{section.12.1}% 222
\BOOKMARK [2][-]{subsection.12.1.2}{Constructor summary}{section.12.1}% 223
\BOOKMARK [2][-]{subsection.12.1.3}{Method summary}{section.12.1}% 224
\BOOKMARK [2][-]{subsection.12.1.4}{Constructors}{section.12.1}% 225
\BOOKMARK [2][-]{subsection.12.1.5}{Methods}{section.12.1}% 226
\BOOKMARK [1][-]{section.12.2}{Class ProfileController}{chapter.12}% 227
\BOOKMARK [2][-]{subsection.12.2.1}{Declaration}{section.12.2}% 228
\BOOKMARK [2][-]{subsection.12.2.2}{Field summary}{section.12.2}% 229
\BOOKMARK [2][-]{subsection.12.2.3}{Constructor summary}{section.12.2}% 230
\BOOKMARK [2][-]{subsection.12.2.4}{Method summary}{section.12.2}% 231
\BOOKMARK [2][-]{subsection.12.2.5}{Fields}{section.12.2}% 232
\BOOKMARK [2][-]{subsection.12.2.6}{Constructors}{section.12.2}% 233
\BOOKMARK [2][-]{subsection.12.2.7}{Methods}{section.12.2}% 234
\BOOKMARK [1][-]{section.12.3}{Class SettingController}{chapter.12}% 235
\BOOKMARK [2][-]{subsection.12.3.1}{Declaration}{section.12.3}% 236
\BOOKMARK [2][-]{subsection.12.3.2}{Constructor summary}{section.12.3}% 237
\BOOKMARK [2][-]{subsection.12.3.3}{Constructors}{section.12.3}% 238
\BOOKMARK [1][-]{section.12.4}{Class StatisticController}{chapter.12}% 239
\BOOKMARK [2][-]{subsection.12.4.1}{Declaration}{section.12.4}% 240
\BOOKMARK [2][-]{subsection.12.4.2}{Constructor summary}{section.12.4}% 241
\BOOKMARK [2][-]{subsection.12.4.3}{Constructors}{section.12.4}% 242
\BOOKMARK [0][-]{chapter.13}{Package com.retroMachines.game.gameelements}{}% 243
\BOOKMARK [1][-]{section.13.1}{Class GameElement}{chapter.13}% 244
\BOOKMARK [2][-]{subsection.13.1.1}{Declaration}{section.13.1}% 245
\BOOKMARK [2][-]{subsection.13.1.2}{All known subclasses}{section.13.1}% 246
\BOOKMARK [2][-]{subsection.13.1.3}{Constructor summary}{section.13.1}% 247
\BOOKMARK [2][-]{subsection.13.1.4}{Method summary}{section.13.1}% 248
\BOOKMARK [2][-]{subsection.13.1.5}{Constructors}{section.13.1}% 249
\BOOKMARK [2][-]{subsection.13.1.6}{Methods}{section.13.1}% 250
\BOOKMARK [1][-]{section.13.2}{Class LightElement}{chapter.13}% 251
\BOOKMARK [2][-]{subsection.13.2.1}{Declaration}{section.13.2}% 252
\BOOKMARK [2][-]{subsection.13.2.2}{Constructor summary}{section.13.2}% 253
\BOOKMARK [2][-]{subsection.13.2.3}{Method summary}{section.13.2}% 254
\BOOKMARK [2][-]{subsection.13.2.4}{Constructors}{section.13.2}% 255
\BOOKMARK [2][-]{subsection.13.2.5}{Methods}{section.13.2}% 256
\BOOKMARK [2][-]{subsection.13.2.6}{Members inherited from class GameElement }{section.13.2}% 257
\BOOKMARK [1][-]{section.13.3}{Class MachineElement}{chapter.13}% 258
\BOOKMARK [2][-]{subsection.13.3.1}{Declaration}{section.13.3}% 259
\BOOKMARK [2][-]{subsection.13.3.2}{Constructor summary}{section.13.3}% 260
\BOOKMARK [2][-]{subsection.13.3.3}{Method summary}{section.13.3}% 261
\BOOKMARK [2][-]{subsection.13.3.4}{Constructors}{section.13.3}% 262
\BOOKMARK [2][-]{subsection.13.3.5}{Methods}{section.13.3}% 263
\BOOKMARK [2][-]{subsection.13.3.6}{Members inherited from class GameElement }{section.13.3}% 264
\BOOKMARK [1][-]{section.13.4}{Class MetalElement}{chapter.13}% 265
\BOOKMARK [2][-]{subsection.13.4.1}{Declaration}{section.13.4}% 266
\BOOKMARK [2][-]{subsection.13.4.2}{Constructor summary}{section.13.4}% 267
\BOOKMARK [2][-]{subsection.13.4.3}{Method summary}{section.13.4}% 268
\BOOKMARK [2][-]{subsection.13.4.4}{Constructors}{section.13.4}% 269
\BOOKMARK [2][-]{subsection.13.4.5}{Methods}{section.13.4}% 270
\BOOKMARK [2][-]{subsection.13.4.6}{Members inherited from class GameElement }{section.13.4}% 271
\BOOKMARK [1][-]{section.13.5}{Class RetroMan}{chapter.13}% 272
\BOOKMARK [2][-]{subsection.13.5.1}{Declaration}{section.13.5}% 273
\BOOKMARK [2][-]{subsection.13.5.2}{Field summary}{section.13.5}% 274
\BOOKMARK [2][-]{subsection.13.5.3}{Constructor summary}{section.13.5}% 275
\BOOKMARK [2][-]{subsection.13.5.4}{Method summary}{section.13.5}% 276
\BOOKMARK [2][-]{subsection.13.5.5}{Fields}{section.13.5}% 277
\BOOKMARK [2][-]{subsection.13.5.6}{Constructors}{section.13.5}% 278
\BOOKMARK [2][-]{subsection.13.5.7}{Methods}{section.13.5}% 279
