This is pdfTeX, Version 3.1415926-2.5-1.40.14 (TeX Live 2013/Debian) (format=pdflatex 2014.11.7)  7 JAN 2015 22:18
entering extended mode
 restricted \write18 enabled.
 %&-line parsing enabled.
**docs.tex
(./docs.tex
LaTeX2e <2011/06/27>
Babel <3.9h> and hyphenation patterns for 31 languages loaded.
(/usr/share/texlive/texmf-dist/tex/latex/base/report.cls
Document Class: report 2007/10/19 v1.4h Standard LaTeX document class
(/usr/share/texlive/texmf-dist/tex/latex/base/size11.clo
File: size11.clo 2007/10/19 v1.4h Standard LaTeX file (size option)
)
\c@part=\count79
\c@chapter=\count80
\c@section=\count81
\c@subsection=\count82
\c@subsubsection=\count83
\c@paragraph=\count84
\c@subparagraph=\count85
\c@figure=\count86
\c@table=\count87
\abovecaptionskip=\skip41
\belowcaptionskip=\skip42
\bibindent=\dimen102
)
(/usr/share/texlive/texmf-dist/tex/latex/graphics/color.sty
Package: color 2005/11/14 v1.0j Standard LaTeX Color (DPC)

(/usr/share/texlive/texmf-dist/tex/latex/latexconfig/color.cfg
File: color.cfg 2007/01/18 v1.5 color configuration of teTeX/TeXLive
)
Package color Info: Driver file: pdftex.def on input line 130.

(/usr/share/texlive/texmf-dist/tex/latex/pdftex-def/pdftex.def
File: pdftex.def 2011/05/27 v0.06d Graphics/color for pdfTeX

(/usr/share/texlive/texmf-dist/tex/generic/oberdiek/infwarerr.sty
Package: infwarerr 2010/04/08 v1.3 Providing info/warning/error messages (HO)
)
(/usr/share/texlive/texmf-dist/tex/generic/oberdiek/ltxcmds.sty
Package: ltxcmds 2011/11/09 v1.22 LaTeX kernel commands for general use (HO)
)
\Gread@gobject=\count88
))
(/usr/share/texlive/texmf-dist/tex/latex/base/ifthen.sty
Package: ifthen 2001/05/26 v1.1c Standard LaTeX ifthen package (DPC)
)
(/usr/share/texlive/texmf-dist/tex/latex/base/makeidx.sty
Package: makeidx 2000/03/29 v1.0m Standard LaTeX package
)
(/usr/share/texlive/texmf-dist/tex/generic/oberdiek/ifpdf.sty
Package: ifpdf 2011/01/30 v2.3 Provides the ifpdf switch (HO)
Package ifpdf Info: pdfTeX in PDF mode is detected.
)
(/usr/share/texlive/texmf-dist/tex/latex/preprint/fullpage.sty
Package: fullpage 1999/02/23 1.1 (PWD)
\FP@margin=\skip43
)
(/usr/share/texlive/texmf-dist/tex/latex/hyperref/hyperref.sty
Package: hyperref 2012/11/06 v6.83m Hypertext links for LaTeX

(/usr/share/texlive/texmf-dist/tex/generic/oberdiek/hobsub-hyperref.sty
Package: hobsub-hyperref 2012/05/28 v1.13 Bundle oberdiek, subset hyperref (HO)


(/usr/share/texlive/texmf-dist/tex/generic/oberdiek/hobsub-generic.sty
Package: hobsub-generic 2012/05/28 v1.13 Bundle oberdiek, subset generic (HO)
Package: hobsub 2012/05/28 v1.13 Construct package bundles (HO)
Package hobsub Info: Skipping package `infwarerr' (already loaded).
Package hobsub Info: Skipping package `ltxcmds' (already loaded).
Package: ifluatex 2010/03/01 v1.3 Provides the ifluatex switch (HO)
Package ifluatex Info: LuaTeX not detected.
Package: ifvtex 2010/03/01 v1.5 Detect VTeX and its facilities (HO)
Package ifvtex Info: VTeX not detected.
Package: intcalc 2007/09/27 v1.1 Expandable calculations with integers (HO)
Package hobsub Info: Skipping package `ifpdf' (already loaded).
Package: etexcmds 2011/02/16 v1.5 Avoid name clashes with e-TeX commands (HO)
Package etexcmds Info: Could not find \expanded.
(etexcmds)             That can mean that you are not using pdfTeX 1.50 or
(etexcmds)             that some package has redefined \expanded.
(etexcmds)             In the latter case, load this package earlier.
Package: kvsetkeys 2012/04/25 v1.16 Key value parser (HO)
Package: kvdefinekeys 2011/04/07 v1.3 Define keys (HO)
Package: pdftexcmds 2011/11/29 v0.20 Utility functions of pdfTeX for LuaTeX (HO
)
Package pdftexcmds Info: LuaTeX not detected.
Package pdftexcmds Info: \pdf@primitive is available.
Package pdftexcmds Info: \pdf@ifprimitive is available.
Package pdftexcmds Info: \pdfdraftmode found.
Package: pdfescape 2011/11/25 v1.13 Implements pdfTeX's escape features (HO)
Package: bigintcalc 2012/04/08 v1.3 Expandable calculations on big integers (HO
)
Package: bitset 2011/01/30 v1.1 Handle bit-vector datatype (HO)
Package: uniquecounter 2011/01/30 v1.2 Provide unlimited unique counter (HO)
)
Package hobsub Info: Skipping package `hobsub' (already loaded).
Package: letltxmacro 2010/09/02 v1.4 Let assignment for LaTeX macros (HO)
Package: hopatch 2012/05/28 v1.2 Wrapper for package hooks (HO)
Package: xcolor-patch 2011/01/30 xcolor patch
Package: atveryend 2011/06/30 v1.8 Hooks at the very end of document (HO)
Package atveryend Info: \enddocument detected (standard20110627).
Package: atbegshi 2011/10/05 v1.16 At begin shipout hook (HO)
Package: refcount 2011/10/16 v3.4 Data extraction from label references (HO)
Package: hycolor 2011/01/30 v1.7 Color options for hyperref/bookmark (HO)
)
(/usr/share/texlive/texmf-dist/tex/latex/graphics/keyval.sty
Package: keyval 1999/03/16 v1.13 key=value parser (DPC)
\KV@toks@=\toks14
)
(/usr/share/texlive/texmf-dist/tex/generic/ifxetex/ifxetex.sty
Package: ifxetex 2010/09/12 v0.6 Provides ifxetex conditional
)
(/usr/share/texlive/texmf-dist/tex/latex/oberdiek/auxhook.sty
Package: auxhook 2011/03/04 v1.3 Hooks for auxiliary files (HO)
)
(/usr/share/texlive/texmf-dist/tex/latex/oberdiek/kvoptions.sty
Package: kvoptions 2011/06/30 v3.11 Key value format for package options (HO)
)
\@linkdim=\dimen103
\Hy@linkcounter=\count89
\Hy@pagecounter=\count90

(/usr/share/texlive/texmf-dist/tex/latex/hyperref/pd1enc.def
File: pd1enc.def 2012/11/06 v6.83m Hyperref: PDFDocEncoding definition (HO)
)
\Hy@SavedSpaceFactor=\count91

(/usr/share/texlive/texmf-dist/tex/latex/latexconfig/hyperref.cfg
File: hyperref.cfg 2002/06/06 v1.2 hyperref configuration of TeXLive
)
Package hyperref Info: Option `bookmarks' set `true' on input line 4319.
Package hyperref Info: Option `colorlinks' set `true' on input line 4319.
Package hyperref Info: Option `plainpages' set `false' on input line 4319.
Package hyperref Info: Option `pdfpagelabels' set `true' on input line 4319.
Package hyperref Info: Option `breaklinks' set `true' on input line 4319.
Package hyperref Info: Hyper figures OFF on input line 4443.
Package hyperref Info: Link nesting OFF on input line 4448.
Package hyperref Info: Hyper index ON on input line 4451.
Package hyperref Info: Plain pages OFF on input line 4458.
Package hyperref Info: Backreferencing OFF on input line 4463.
Package hyperref Info: Implicit mode ON; LaTeX internals redefined.
Package hyperref Info: Bookmarks ON on input line 4688.
\c@Hy@tempcnt=\count92

(/usr/share/texlive/texmf-dist/tex/latex/url/url.sty
\Urlmuskip=\muskip10
Package: url 2013/09/16  ver 3.4  Verb mode for urls, etc.
)
LaTeX Info: Redefining \url on input line 5041.
\XeTeXLinkMargin=\dimen104
\Fld@menulength=\count93
\Field@Width=\dimen105
\Fld@charsize=\dimen106
Package hyperref Info: Hyper figures OFF on input line 6295.
Package hyperref Info: Link nesting OFF on input line 6300.
Package hyperref Info: Hyper index ON on input line 6303.
Package hyperref Info: backreferencing OFF on input line 6310.
Package hyperref Info: Link coloring ON on input line 6313.
Package hyperref Info: Link coloring with OCG OFF on input line 6320.
Package hyperref Info: PDF/A mode OFF on input line 6325.
LaTeX Info: Redefining \ref on input line 6365.
LaTeX Info: Redefining \pageref on input line 6369.
\Hy@abspage=\count94
\c@Item=\count95
\c@Hfootnote=\count96
)

Package hyperref Message: Driver: hpdftex.

(/usr/share/texlive/texmf-dist/tex/latex/hyperref/hpdftex.def
File: hpdftex.def 2012/11/06 v6.83m Hyperref driver for pdfTeX
\Fld@listcount=\count97
\c@bookmark@seq@number=\count98

(/usr/share/texlive/texmf-dist/tex/latex/oberdiek/rerunfilecheck.sty
Package: rerunfilecheck 2011/04/15 v1.7 Rerun checks for auxiliary files (HO)
Package uniquecounter Info: New unique counter `rerunfilecheck' on input line 2
82.
)
\Hy@SectionHShift=\skip44
)
(/usr/share/texlive/texmf-dist/tex/latex/graphics/graphicx.sty
Package: graphicx 1999/02/16 v1.0f Enhanced LaTeX Graphics (DPC,SPQR)

(/usr/share/texlive/texmf-dist/tex/latex/graphics/graphics.sty
Package: graphics 2009/02/05 v1.0o Standard LaTeX Graphics (DPC,SPQR)

(/usr/share/texlive/texmf-dist/tex/latex/graphics/trig.sty
Package: trig 1999/03/16 v1.09 sin cos tan (DPC)
)
(/usr/share/texlive/texmf-dist/tex/latex/latexconfig/graphics.cfg
File: graphics.cfg 2010/04/23 v1.9 graphics configuration of TeX Live
)
Package graphics Info: Driver file: pdftex.def on input line 91.
)
\Gin@req@height=\dimen107
\Gin@req@width=\dimen108
)
\@indexfile=\write3
\openout3 = `docs.idx'.


Writing index file docs.idx
(./docs.aux)
\openout1 = `docs.aux'.

LaTeX Font Info:    Checking defaults for OML/cmm/m/it on input line 39.
LaTeX Font Info:    ... okay on input line 39.
LaTeX Font Info:    Checking defaults for T1/cmr/m/n on input line 39.
LaTeX Font Info:    ... okay on input line 39.
LaTeX Font Info:    Checking defaults for OT1/cmr/m/n on input line 39.
LaTeX Font Info:    ... okay on input line 39.
LaTeX Font Info:    Checking defaults for OMS/cmsy/m/n on input line 39.
LaTeX Font Info:    ... okay on input line 39.
LaTeX Font Info:    Checking defaults for OMX/cmex/m/n on input line 39.
LaTeX Font Info:    ... okay on input line 39.
LaTeX Font Info:    Checking defaults for U/cmr/m/n on input line 39.
LaTeX Font Info:    ... okay on input line 39.
LaTeX Font Info:    Checking defaults for PD1/pdf/m/n on input line 39.
LaTeX Font Info:    ... okay on input line 39.
 (/usr/share/texlive/texmf-dist/tex/context/base/supp-pdf.mkii
[Loading MPS to PDF converter (version 2006.09.02).]
\scratchcounter=\count99
\scratchdimen=\dimen109
\scratchbox=\box26
\nofMPsegments=\count100
\nofMParguments=\count101
\everyMPshowfont=\toks15
\MPscratchCnt=\count102
\MPscratchDim=\dimen110
\MPnumerator=\count103
\makeMPintoPDFobject=\count104
\everyMPtoPDFconversion=\toks16
)
\AtBeginShipoutBox=\box27
Package hyperref Info: Link coloring ON on input line 39.
 (/usr/share/texlive/texmf-dist/tex/latex/hyperref/nameref.sty
Package: nameref 2012/10/27 v2.43 Cross-referencing by name of section

(/usr/share/texlive/texmf-dist/tex/generic/oberdiek/gettitlestring.sty
Package: gettitlestring 2010/12/03 v1.4 Cleanup title references (HO)
)
\c@section@level=\count105
)
LaTeX Info: Redefining \ref on input line 39.
LaTeX Info: Redefining \pageref on input line 39.
LaTeX Info: Redefining \nameref on input line 39.

(./docs.out) (./docs.out)
\@outlinefile=\write4
\openout4 = `docs.out'.


(/usr/share/texlive/texmf-dist/tex/latex/oberdiek/epstopdf-base.sty
Package: epstopdf-base 2010/02/09 v2.5 Base part for package epstopdf

(/usr/share/texlive/texmf-dist/tex/latex/oberdiek/grfext.sty
Package: grfext 2010/08/19 v1.1 Manage graphics extensions (HO)
)
Package grfext Info: Graphics extension search list:
(grfext)             [.png,.pdf,.jpg,.mps,.jpeg,.jbig2,.jb2,.PNG,.PDF,.JPG,.JPE
G,.JBIG2,.JB2,.eps]
(grfext)             \AppendGraphicsExtensions on input line 452.

(/usr/share/texlive/texmf-dist/tex/latex/latexconfig/epstopdf-sys.cfg
File: epstopdf-sys.cfg 2010/07/13 v1.3 Configuration of (r)epstopdf for TeX Liv
e
))
(./docs.toc
LaTeX Font Info:    External font `cmex10' loaded for size
(Font)              <10.95> on input line 3.
LaTeX Font Info:    External font `cmex10' loaded for size
(Font)              <8> on input line 3.
LaTeX Font Info:    External font `cmex10' loaded for size
(Font)              <6> on input line 3.
 [1


{/var/lib/texmf/fonts/map/pdftex/updmap/pdftex.map}] [2] [3]
[4] [5] [6])
\tf@toc=\write5
\openout5 = `docs.toc'.

 [7]
Chapter 1.

Overfull \hbox (17.0pt too wide) in paragraph at lines 48--50
[][]
 []

LaTeX Font Info:    Try loading font information for OMS+cmr on input line 71.
(/usr/share/texlive/texmf-dist/tex/latex/base/omscmr.fd
File: omscmr.fd 1999/05/25 v2.5h Standard LaTeX font definitions
)
LaTeX Font Info:    Font shape `OMS/cmr/m/n' in size <10.95> not available
(Font)              Font shape `OMS/cmsy/m/n' tried instead on input line 71.
 [8

] [9]
Chapter 2.

Overfull \hbox (17.0pt too wide) in paragraph at lines 120--121
[][] 
 []

[10

]
LaTeX Font Info:    Font shape `OMS/cmr/m/n' in size <10> not available
(Font)              Font shape `OMS/cmsy/m/n' tried instead on input line 236.

Underfull \hbox (badness 10000) in paragraph at lines 268--270
[]\OT1/cmtt/m/n/10 public synchronized Array \OT1/cmr/bx/n/10 getAll\OT1/cmtt/m
/n/10 (java.lang.Class \OT1/cmr/bx/n/10 arg0\OT1/cmtt/m/n/10 ,
 []

[11]
Underfull \hbox (badness 10000) in paragraph at lines 326--328
[]\OT1/cmtt/m/n/10 public synchronized boolean \OT1/cmr/bx/n/10 is-Loaded\OT1/c
mtt/m/n/10 (java.lang.String \OT1/cmr/bx/n/10 arg0\OT1/cmtt/m/n/10 , java.lang.
Class
 []


Underfull \hbox (badness 10000) in paragraph at lines 341--343
[]\OT1/cmtt/m/n/10 public synchronized void \OT1/cmr/bx/n/10 load\OT1/cmtt/m/n/
10 (java.lang.String \OT1/cmr/bx/n/10 arg0\OT1/cmtt/m/n/10 , java.lang.Class \O
T1/cmr/bx/n/10 arg1\OT1/cmtt/m/n/10 ,
 []


Underfull \hbox (badness 10000) in paragraph at lines 350--352
[]\OT1/cmtt/m/n/10 public synchronized void \OT1/cmr/bx/n/10 set-Loader\OT1/cmt
t/m/n/10 (java.lang.Class \OT1/cmr/bx/n/10 arg0\OT1/cmtt/m/n/10 , loaders.Asset
Loader
 []


Underfull \hbox (badness 10000) in paragraph at lines 356--358
[]\OT1/cmtt/m/n/10 public synchronized void \OT1/cmr/bx/n/10 set-Loader\OT1/cmt
t/m/n/10 (java.lang.Class \OT1/cmr/bx/n/10 arg0\OT1/cmtt/m/n/10 , java.lang.Str
ing \OT1/cmr/bx/n/10 arg1\OT1/cmtt/m/n/10 ,
 []

[12]
Chapter 3.

Overfull \hbox (17.0pt too wide) in paragraph at lines 388--389
[][] 
 []

[13

]
Chapter 4.

Overfull \hbox (17.0pt too wide) in paragraph at lines 420--423
[][]
 []


Underfull \hbox (badness 10000) in paragraph at lines 451--457
\OT1/cmtt/m/n/10.95 public \OT1/cmr/bx/n/10.95 Pro-file\OT1/cmtt/m/n/10.95 (jav
a.lang.String \OT1/cmr/bx/n/10.95 name\OT1/cmtt/m/n/10.95 , int \OT1/cmr/bx/n/1
0.95 pro-fileId\OT1/cmtt/m/n/10.95 , Setting \OT1/cmr/bx/n/10.95 set-ting\OT1/c
mtt/m/n/10.95 ,
 []

[14

] [15] [16] [17] [18]
Chapter 5.

Overfull \hbox (17.0pt too wide) in paragraph at lines 782--784
[][]
 []

LaTeX Font Info:    External font `cmex10' loaded for size
(Font)              <7> on input line 794.
LaTeX Font Info:    External font `cmex10' loaded for size
(Font)              <5> on input line 794.
[19

] [20]
Underfull \hbox (badness 10000) in paragraph at lines 975--977
[]\OT1/cmtt/m/n/10 public Ray \OT1/cmr/bx/n/10 get-Pick-Ray\OT1/cmtt/m/n/10 (fl
oat \OT1/cmr/bx/n/10 arg0\OT1/cmtt/m/n/10 , float \OT1/cmr/bx/n/10 arg1\OT1/cmt
t/m/n/10 , float \OT1/cmr/bx/n/10 arg2\OT1/cmtt/m/n/10 , float \OT1/cmr/bx/n/10
 arg3\OT1/cmtt/m/n/10 , float
 []


Underfull \hbox (badness 10000) in paragraph at lines 1010--1012
[]\OT1/cmtt/m/n/10 public Vector3 \OT1/cmr/bx/n/10 project\OT1/cmtt/m/n/10 (com
.badlogic.gdx.math.Vector3 \OT1/cmr/bx/n/10 arg0\OT1/cmtt/m/n/10 , float \OT1/c
mr/bx/n/10 arg1\OT1/cmtt/m/n/10 , float
 []


Underfull \hbox (badness 10000) in paragraph at lines 1039--1041
[]\OT1/cmtt/m/n/10 public void \OT1/cmr/bx/n/10 ro-tateAround\OT1/cmtt/m/n/10 (
com.badlogic.gdx.math.Vector3 \OT1/cmr/bx/n/10 arg0\OT1/cmtt/m/n/10 ,
 []


Underfull \hbox (badness 10000) in paragraph at lines 1065--1067
[]\OT1/cmtt/m/n/10 public Vector3 \OT1/cmr/bx/n/10 un-pro-ject\OT1/cmtt/m/n/10 
(com.badlogic.gdx.math.Vector3 \OT1/cmr/bx/n/10 arg0\OT1/cmtt/m/n/10 , float \O
T1/cmr/bx/n/10 arg1\OT1/cmtt/m/n/10 , float
 []

[21]
Chapter 6.

Overfull \hbox (17.0pt too wide) in paragraph at lines 1096--1097
[][] 
 []

[22

] [23]
Chapter 7.

Overfull \hbox (17.0pt too wide) in paragraph at lines 1212--1214
[][]
 []


Underfull \hbox (badness 10000) in paragraph at lines 1232--1237
\OT1/cmtt/m/n/10.95 public \OT1/cmr/bx/n/10.95 Eval-u-a-tion-Screen\OT1/cmtt/m/
n/10.95 (com.retroMachines.RetroMachines \OT1/cmr/bx/n/10.95 game\OT1/cmtt/m/n/
10.95 ,
 []

[24

]
Underfull \hbox (badness 10000) in paragraph at lines 1301--1306
\OT1/cmtt/m/n/10.95 public \OT1/cmr/bx/n/10.95 Game-Screen\OT1/cmtt/m/n/10.95 (
com.retroMachines.RetroMachines \OT1/cmr/bx/n/10.95 game\OT1/cmtt/m/n/10.95 ,
 []

[25] [26]
Chapter 8.
Missing character: There is no Ã in font cmr10!
Missing character: There is no ¤ in font cmr10!
Missing character: There is no Ã in font cmr10!
Missing character: There is no ¼ in font cmr10!

Overfull \hbox (17.0pt too wide) in paragraph at lines 1383--1396
[][]
 []

[27

] [28]
Underfull \hbox (badness 10000) in paragraph at lines 1552--1556
\OT1/cmtt/m/n/10.95 public \OT1/cmr/bx/n/10.95 Cre-ate-First-Pro-file-MenuScree
n\OT1/cmtt/m/n/10.95 (com.retroMachines.RetroMachines
 []

[29] [30] [31]
Missing character: There is no Ã in font cmr10!
Missing character: There is no ¤ in font cmr10!
Missing character: There is no Ã in font cmr10!
Missing character: There is no ¼ in font cmr10!
 [32]
Underfull \hbox (badness 10000) in paragraph at lines 1952--1956
\OT1/cmtt/m/n/10.95 public \OT1/cmr/bx/n/10.95 Pro-file-M-an-age-ment-MenuScree
n\OT1/cmtt/m/n/10.95 (com.retroMachines.RetroMachines
 []

[33] [34] [35]
Chapter 9.

Overfull \hbox (17.0pt too wide) in paragraph at lines 2247--2252
[][]
 []

[36

] [37] [38] [39] [40]
Chapter 10.
Missing character: There is no Ã in font cmr10!
Missing character: There is no ¤ in font cmr10!

Overfull \hbox (17.0pt too wide) in paragraph at lines 2585--2589
[][]
 []

[41

]
Missing character: There is no Ã in font cmr10!
Missing character: There is no ¤ in font cmr10!
Missing character: There is no Ã in font cmr10!
Missing character: There is no ¤ in font cmr10!
Missing character: There is no Ã in font cmr10!
Missing character: There is no ¼ in font cmr10!
 [42] [43]
Chapter 11.

Overfull \hbox (17.0pt too wide) in paragraph at lines 2749--2750
[][] 
 []

[44

]
Chapter 12.

Overfull \hbox (17.0pt too wide) in paragraph at lines 2781--2785
[][]
 []

[45

] [46] [47] [48]
Chapter 13.

Overfull \hbox (28.64447pt too wide) in paragraph at lines 3056--3056
\OT1/cmr/bx/n/24.88 com.retroMachines.game.gameelements  
 []


Overfull \hbox (17.0pt too wide) in paragraph at lines 3061--3066
[][]
 []

[49

] [50] [51] [52]
Underfull \hbox (badness 10000) in paragraph at lines 3375--3378
\OT1/cmtt/m/n/10.95 public com.badlogic.gdx.graphics.g2d.TextureRegion \OT1/cmr
/bx/n/10.95 ren-der\OT1/cmtt/m/n/10.95 (float \OT1/cmr/bx/n/10.95 delta-
 []

No file docs.ind.
Package atveryend Info: Empty hook `BeforeClearDocument' on input line 3393.
[53]
Package atveryend Info: Empty hook `AfterLastShipout' on input line 3393.
 (./docs.aux)
Package atveryend Info: Executing hook `AtVeryEndDocument' on input line 3393.
Package atveryend Info: Executing hook `AtEndAfterFileList' on input line 3393.

Package rerunfilecheck Info: File `docs.out' has not changed.
(rerunfilecheck)             Checksum: 1D767B99DEBE8F060936EB9437A382AD;19878.
Package atveryend Info: Empty hook `AtVeryVeryEnd' on input line 3393.
 )
(\end occurred inside a group at level 27)

### simple group (level 27) entered at line 3160 ({)
### simple group (level 26) entered at line 3108 ({)
### simple group (level 25) entered at line 3056 ({)
### simple group (level 24) entered at line 2670 ({)
### simple group (level 23) entered at line 2580 ({)
### simple group (level 22) entered at line 2311 ({)
### simple group (level 21) entered at line 2254 ({)
### simple group (level 20) entered at line 2242 ({)
### simple group (level 19) entered at line 2119 ({)
### simple group (level 18) entered at line 2058 ({)
### simple group (level 17) entered at line 1997 ({)
### simple group (level 16) entered at line 1936 ({)
### simple group (level 15) entered at line 1873 ({)
### simple group (level 14) entered at line 1796 ({)
### simple group (level 13) entered at line 1719 ({)
### simple group (level 12) entered at line 1658 ({)
### simple group (level 11) entered at line 1597 ({)
### simple group (level 10) entered at line 1536 ({)
### simple group (level 9) entered at line 1475 ({)
### simple group (level 8) entered at line 1398 ({)
### simple group (level 7) entered at line 1378 ({)
### simple group (level 6) entered at line 1216 ({)
### simple group (level 5) entered at line 1207 ({)
### simple group (level 4) entered at line 1091 ({)
### simple group (level 3) entered at line 878 ({)
### simple group (level 2) entered at line 777 ({)
### simple group (level 1) entered at line 115 ({)
### bottom level 
Here is how much of TeX's memory you used:
 6025 strings out of 494419
 97604 string characters out of 6164222
 172804 words of memory out of 5000000
 8908 multiletter control sequences out of 15000+600000
 10452 words of font info for 37 fonts, out of 8000000 for 9000
 350 hyphenation exceptions out of 8191
 29i,6n,28p,1514b,1539s stack positions out of 5000i,500n,10000p,200000b,80000s
</usr/share/texlive/texmf-dist/fonts/type1/public/amsfonts/cm/c
mbx10.pfb></usr/share/texlive/texmf-dist/fonts/type1/public/amsfonts/cm/cmbx12.
pfb></usr/share/texlive/texmf-dist/fonts/type1/public/amsfonts/cm/cmr10.pfb></u
sr/share/texlive/texmf-dist/fonts/type1/public/amsfonts/cm/cmsl10.pfb></usr/sha
re/texlive/texmf-dist/fonts/type1/public/amsfonts/cm/cmsy10.pfb></usr/share/tex
live/texmf-dist/fonts/type1/public/amsfonts/cm/cmti10.pfb></usr/share/texlive/t
exmf-dist/fonts/type1/public/amsfonts/cm/cmtt10.pfb>
Output written on docs.pdf (53 pages, 199107 bytes).
PDF statistics:
 1947 PDF objects out of 2073 (max. 8388607)
 1866 compressed objects within 19 object streams
 334 named destinations out of 1000 (max. 500000)
 2233 words of extra memory for PDF output out of 10000 (max. 10000000)

